<?xml version="1.0" encoding="UTF-8"?>
<testng-results ignored="0" total="30" passed="29" failed="1" skipped="0">
  <reporter-output>
  </reporter-output>
  <suite started-at="2025-09-08T08:45:52 IST" name="Default suite" finished-at="2025-09-08T08:48:56 IST" duration-ms="183886">
    <groups>
      <group name="cucumber">
        <method signature="AbstractTestNGCucumberTests.runScenario(io.cucumber.testng.PickleWrapper,io.cucumber.testng.FeatureWrapper)[pri:0, instance:runners.TestRunner@26794848]" name="runScenario" class="io.cucumber.testng.AbstractTestNGCucumberTests"/>
      </group> <!-- cucumber -->
    </groups>
    <test started-at="2025-09-08T08:45:52 IST" name="Default test" finished-at="2025-09-08T08:48:56 IST" duration-ms="183886">
      <class name="runners.TestRunner">
        <test-method is-config="true" signature="setUpClass(org.testng.ITestContext)[pri:0, instance:runners.TestRunner@26794848]" started-at="2025-09-08T08:45:52 IST" name="setUpClass" finished-at="2025-09-08T08:45:52 IST" duration-ms="725" status="PASS">
          <params>
            <param index="0">
              <value>
                <![CDATA[org.testng.TestRunner@445b4594]]>
              </value>
            </param>
          </params>
          <reporter-output>
          </reporter-output>
        </test-method> <!-- setUpClass -->
        <test-method signature="runScenario(io.cucumber.testng.PickleWrapper,io.cucumber.testng.FeatureWrapper)[pri:0, instance:runners.TestRunner@26794848]" started-at="2025-09-08T08:45:52 IST" name="runScenario" description="Runs Cucumber Scenarios" data-provider="scenarios" finished-at="2025-09-08T08:46:03 IST" duration-ms="10269" status="PASS">
          <params>
            <param index="0">
              <value>
                <![CDATA["Add product to cart"]]>
              </value>
            </param>
            <param index="1">
              <value>
                <![CDATA["Cart Page Tests"]]>
              </value>
            </param>
          </params>
          <reporter-output>
          </reporter-output>
        </test-method> <!-- runScenario -->
        <test-method signature="runScenario(io.cucumber.testng.PickleWrapper,io.cucumber.testng.FeatureWrapper)[pri:0, instance:runners.TestRunner@26794848]" started-at="2025-09-08T08:46:03 IST" name="runScenario" description="Runs Cucumber Scenarios" data-provider="scenarios" finished-at="2025-09-08T08:46:19 IST" duration-ms="16283" status="PASS">
          <params>
            <param index="0">
              <value>
                <![CDATA["Remove product from cart"]]>
              </value>
            </param>
            <param index="1">
              <value>
                <![CDATA["Cart Page Tests"]]>
              </value>
            </param>
          </params>
          <reporter-output>
          </reporter-output>
        </test-method> <!-- runScenario -->
        <test-method signature="runScenario(io.cucumber.testng.PickleWrapper,io.cucumber.testng.FeatureWrapper)[pri:0, instance:runners.TestRunner@26794848]" started-at="2025-09-08T08:46:19 IST" name="runScenario" description="Runs Cucumber Scenarios" data-provider="scenarios" finished-at="2025-09-08T08:46:26 IST" duration-ms="6633" status="PASS">
          <params>
            <param index="0">
              <value>
                <![CDATA["Verify cart badge count"]]>
              </value>
            </param>
            <param index="1">
              <value>
                <![CDATA["Cart Page Tests"]]>
              </value>
            </param>
          </params>
          <reporter-output>
          </reporter-output>
        </test-method> <!-- runScenario -->
        <test-method signature="runScenario(io.cucumber.testng.PickleWrapper,io.cucumber.testng.FeatureWrapper)[pri:0, instance:runners.TestRunner@26794848]" started-at="2025-09-08T08:46:26 IST" name="runScenario" description="Runs Cucumber Scenarios" data-provider="scenarios" finished-at="2025-09-08T08:46:36 IST" duration-ms="10602" status="PASS">
          <params>
            <param index="0">
              <value>
                <![CDATA["Successful checkout"]]>
              </value>
            </param>
            <param index="1">
              <value>
                <![CDATA["Checkout Page Tests"]]>
              </value>
            </param>
          </params>
          <reporter-output>
          </reporter-output>
        </test-method> <!-- runScenario -->
        <test-method signature="runScenario(io.cucumber.testng.PickleWrapper,io.cucumber.testng.FeatureWrapper)[pri:0, instance:runners.TestRunner@26794848]" started-at="2025-09-08T08:46:36 IST" name="runScenario" description="Runs Cucumber Scenarios" data-provider="scenarios" finished-at="2025-09-08T08:46:44 IST" duration-ms="7262" status="PASS">
          <params>
            <param index="0">
              <value>
                <![CDATA["Cancel checkout"]]>
              </value>
            </param>
            <param index="1">
              <value>
                <![CDATA["Checkout Page Tests"]]>
              </value>
            </param>
          </params>
          <reporter-output>
          </reporter-output>
        </test-method> <!-- runScenario -->
        <test-method signature="runScenario(io.cucumber.testng.PickleWrapper,io.cucumber.testng.FeatureWrapper)[pri:0, instance:runners.TestRunner@26794848]" started-at="2025-09-08T08:46:44 IST" name="runScenario" description="Runs Cucumber Scenarios" data-provider="scenarios" finished-at="2025-09-08T08:46:48 IST" duration-ms="4057" status="PASS">
          <params>
            <param index="0">
              <value>
                <![CDATA["Verify inventory page loads with products"]]>
              </value>
            </param>
            <param index="1">
              <value>
                <![CDATA["Inventory Page Tests"]]>
              </value>
            </param>
          </params>
          <reporter-output>
          </reporter-output>
        </test-method> <!-- runScenario -->
        <test-method signature="runScenario(io.cucumber.testng.PickleWrapper,io.cucumber.testng.FeatureWrapper)[pri:0, instance:runners.TestRunner@26794848]" started-at="2025-09-08T08:46:48 IST" name="runScenario" description="Runs Cucumber Scenarios" data-provider="scenarios" finished-at="2025-09-08T08:46:52 IST" duration-ms="4474" status="PASS">
          <params>
            <param index="0">
              <value>
                <![CDATA["Verify filter dropdown options"]]>
              </value>
            </param>
            <param index="1">
              <value>
                <![CDATA["Inventory Page Tests"]]>
              </value>
            </param>
          </params>
          <reporter-output>
          </reporter-output>
        </test-method> <!-- runScenario -->
        <test-method signature="runScenario(io.cucumber.testng.PickleWrapper,io.cucumber.testng.FeatureWrapper)[pri:0, instance:runners.TestRunner@26794848]" started-at="2025-09-08T08:46:52 IST" name="runScenario" description="Runs Cucumber Scenarios" data-provider="scenarios" finished-at="2025-09-08T08:46:56 IST" duration-ms="4365" status="PASS">
          <params>
            <param index="0">
              <value>
                <![CDATA["Verify sort by Name A-Z"]]>
              </value>
            </param>
            <param index="1">
              <value>
                <![CDATA["Inventory Page Tests"]]>
              </value>
            </param>
          </params>
          <reporter-output>
          </reporter-output>
        </test-method> <!-- runScenario -->
        <test-method signature="runScenario(io.cucumber.testng.PickleWrapper,io.cucumber.testng.FeatureWrapper)[pri:0, instance:runners.TestRunner@26794848]" started-at="2025-09-08T08:46:56 IST" name="runScenario" description="Runs Cucumber Scenarios" data-provider="scenarios" finished-at="2025-09-08T08:47:01 IST" duration-ms="4426" status="PASS">
          <params>
            <param index="0">
              <value>
                <![CDATA["Verify sort by Name Z-A"]]>
              </value>
            </param>
            <param index="1">
              <value>
                <![CDATA["Inventory Page Tests"]]>
              </value>
            </param>
          </params>
          <reporter-output>
          </reporter-output>
        </test-method> <!-- runScenario -->
        <test-method signature="runScenario(io.cucumber.testng.PickleWrapper,io.cucumber.testng.FeatureWrapper)[pri:0, instance:runners.TestRunner@26794848]" started-at="2025-09-08T08:47:01 IST" name="runScenario" description="Runs Cucumber Scenarios" data-provider="scenarios" finished-at="2025-09-08T08:47:05 IST" duration-ms="4547" status="PASS">
          <params>
            <param index="0">
              <value>
                <![CDATA["Verify sort by Price Low-High"]]>
              </value>
            </param>
            <param index="1">
              <value>
                <![CDATA["Inventory Page Tests"]]>
              </value>
            </param>
          </params>
          <reporter-output>
          </reporter-output>
        </test-method> <!-- runScenario -->
        <test-method signature="runScenario(io.cucumber.testng.PickleWrapper,io.cucumber.testng.FeatureWrapper)[pri:0, instance:runners.TestRunner@26794848]" started-at="2025-09-08T08:47:05 IST" name="runScenario" description="Runs Cucumber Scenarios" data-provider="scenarios" finished-at="2025-09-08T08:47:10 IST" duration-ms="4461" status="PASS">
          <params>
            <param index="0">
              <value>
                <![CDATA["Verify sort by Price High-Low"]]>
              </value>
            </param>
            <param index="1">
              <value>
                <![CDATA["Inventory Page Tests"]]>
              </value>
            </param>
          </params>
          <reporter-output>
          </reporter-output>
        </test-method> <!-- runScenario -->
        <test-method signature="runScenario(io.cucumber.testng.PickleWrapper,io.cucumber.testng.FeatureWrapper)[pri:0, instance:runners.TestRunner@26794848]" started-at="2025-09-08T08:47:10 IST" name="runScenario" description="Runs Cucumber Scenarios" data-provider="scenarios" finished-at="2025-09-08T08:47:14 IST" duration-ms="3811" status="PASS">
          <params>
            <param index="0">
              <value>
                <![CDATA["Verify login page loads successfully"]]>
              </value>
            </param>
            <param index="1">
              <value>
                <![CDATA["SauceDemo Login"]]>
              </value>
            </param>
          </params>
          <reporter-output>
          </reporter-output>
        </test-method> <!-- runScenario -->
        <test-method signature="runScenario(io.cucumber.testng.PickleWrapper,io.cucumber.testng.FeatureWrapper)[pri:0, instance:runners.TestRunner@26794848]" started-at="2025-09-08T08:47:14 IST" name="runScenario" description="Runs Cucumber Scenarios" data-provider="scenarios" finished-at="2025-09-08T08:47:24 IST" duration-ms="10128" status="PASS">
          <params>
            <param index="0">
              <value>
                <![CDATA["Verify logo is visible"]]>
              </value>
            </param>
            <param index="1">
              <value>
                <![CDATA["SauceDemo Login"]]>
              </value>
            </param>
          </params>
          <reporter-output>
          </reporter-output>
        </test-method> <!-- runScenario -->
        <test-method signature="runScenario(io.cucumber.testng.PickleWrapper,io.cucumber.testng.FeatureWrapper)[pri:0, instance:runners.TestRunner@26794848]" started-at="2025-09-08T08:47:24 IST" name="runScenario" description="Runs Cucumber Scenarios" data-provider="scenarios" finished-at="2025-09-08T08:47:28 IST" duration-ms="4238" status="PASS">
          <params>
            <param index="0">
              <value>
                <![CDATA["Verify Username and Password fields are displayed"]]>
              </value>
            </param>
            <param index="1">
              <value>
                <![CDATA["SauceDemo Login"]]>
              </value>
            </param>
          </params>
          <reporter-output>
          </reporter-output>
        </test-method> <!-- runScenario -->
        <test-method signature="runScenario(io.cucumber.testng.PickleWrapper,io.cucumber.testng.FeatureWrapper)[pri:0, instance:runners.TestRunner@26794848]" started-at="2025-09-08T08:47:28 IST" name="runScenario" description="Runs Cucumber Scenarios" data-provider="scenarios" finished-at="2025-09-08T08:47:32 IST" duration-ms="4231" status="PASS">
          <params>
            <param index="0">
              <value>
                <![CDATA["Verify Login button is displayed and enabled"]]>
              </value>
            </param>
            <param index="1">
              <value>
                <![CDATA["SauceDemo Login"]]>
              </value>
            </param>
          </params>
          <reporter-output>
          </reporter-output>
        </test-method> <!-- runScenario -->
        <test-method signature="runScenario(io.cucumber.testng.PickleWrapper,io.cucumber.testng.FeatureWrapper)[pri:0, instance:runners.TestRunner@26794848]" started-at="2025-09-08T08:47:32 IST" name="runScenario" description="Runs Cucumber Scenarios" data-provider="scenarios" finished-at="2025-09-08T08:47:37 IST" duration-ms="4642" status="PASS">
          <params>
            <param index="0">
              <value>
                <![CDATA["Verify placeholders for Username and Password"]]>
              </value>
            </param>
            <param index="1">
              <value>
                <![CDATA["SauceDemo Login"]]>
              </value>
            </param>
          </params>
          <reporter-output>
          </reporter-output>
        </test-method> <!-- runScenario -->
        <test-method signature="runScenario(io.cucumber.testng.PickleWrapper,io.cucumber.testng.FeatureWrapper)[pri:0, instance:runners.TestRunner@26794848]" started-at="2025-09-08T08:47:37 IST" name="runScenario" description="Runs Cucumber Scenarios" data-provider="scenarios" finished-at="2025-09-08T08:47:41 IST" duration-ms="4039" status="PASS">
          <params>
            <param index="0">
              <value>
                <![CDATA["Verify Login button text"]]>
              </value>
            </param>
            <param index="1">
              <value>
                <![CDATA["SauceDemo Login"]]>
              </value>
            </param>
          </params>
          <reporter-output>
          </reporter-output>
        </test-method> <!-- runScenario -->
        <test-method signature="runScenario(io.cucumber.testng.PickleWrapper,io.cucumber.testng.FeatureWrapper)[pri:0, instance:runners.TestRunner@26794848]" started-at="2025-09-08T08:47:41 IST" name="runScenario" description="Runs Cucumber Scenarios" data-provider="scenarios" finished-at="2025-09-08T08:47:46 IST" duration-ms="5236" status="PASS">
          <params>
            <param index="0">
              <value>
                <![CDATA["Login with valid user (standard_user)"]]>
              </value>
            </param>
            <param index="1">
              <value>
                <![CDATA["SauceDemo Login"]]>
              </value>
            </param>
          </params>
          <reporter-output>
          </reporter-output>
        </test-method> <!-- runScenario -->
        <test-method signature="runScenario(io.cucumber.testng.PickleWrapper,io.cucumber.testng.FeatureWrapper)[pri:0, instance:runners.TestRunner@26794848]" started-at="2025-09-08T08:47:46 IST" name="runScenario" description="Runs Cucumber Scenarios" data-provider="scenarios" finished-at="2025-09-08T08:47:51 IST" duration-ms="5127" status="PASS">
          <params>
            <param index="0">
              <value>
                <![CDATA["Invalid login attempts"]]>
              </value>
            </param>
            <param index="1">
              <value>
                <![CDATA["SauceDemo Login"]]>
              </value>
            </param>
          </params>
          <reporter-output>
          </reporter-output>
        </test-method> <!-- runScenario -->
        <test-method signature="runScenario(io.cucumber.testng.PickleWrapper,io.cucumber.testng.FeatureWrapper)[pri:0, instance:runners.TestRunner@26794848]" started-at="2025-09-08T08:47:51 IST" name="runScenario" description="Runs Cucumber Scenarios" data-provider="scenarios" finished-at="2025-09-08T08:47:56 IST" duration-ms="5069" status="PASS">
          <params>
            <param index="0">
              <value>
                <![CDATA["Invalid login attempts"]]>
              </value>
            </param>
            <param index="1">
              <value>
                <![CDATA["SauceDemo Login"]]>
              </value>
            </param>
          </params>
          <reporter-output>
          </reporter-output>
        </test-method> <!-- runScenario -->
        <test-method signature="runScenario(io.cucumber.testng.PickleWrapper,io.cucumber.testng.FeatureWrapper)[pri:0, instance:runners.TestRunner@26794848]" started-at="2025-09-08T08:47:56 IST" name="runScenario" description="Runs Cucumber Scenarios" data-provider="scenarios" finished-at="2025-09-08T08:48:02 IST" duration-ms="5303" status="PASS">
          <params>
            <param index="0">
              <value>
                <![CDATA["Invalid login attempts"]]>
              </value>
            </param>
            <param index="1">
              <value>
                <![CDATA["SauceDemo Login"]]>
              </value>
            </param>
          </params>
          <reporter-output>
          </reporter-output>
        </test-method> <!-- runScenario -->
        <test-method signature="runScenario(io.cucumber.testng.PickleWrapper,io.cucumber.testng.FeatureWrapper)[pri:0, instance:runners.TestRunner@26794848]" started-at="2025-09-08T08:48:02 IST" name="runScenario" description="Runs Cucumber Scenarios" data-provider="scenarios" finished-at="2025-09-08T08:48:07 IST" duration-ms="5140" status="PASS">
          <params>
            <param index="0">
              <value>
                <![CDATA["Invalid login attempts"]]>
              </value>
            </param>
            <param index="1">
              <value>
                <![CDATA["SauceDemo Login"]]>
              </value>
            </param>
          </params>
          <reporter-output>
          </reporter-output>
        </test-method> <!-- runScenario -->
        <test-method signature="runScenario(io.cucumber.testng.PickleWrapper,io.cucumber.testng.FeatureWrapper)[pri:0, instance:runners.TestRunner@26794848]" started-at="2025-09-08T08:48:07 IST" name="runScenario" description="Runs Cucumber Scenarios" data-provider="scenarios" finished-at="2025-09-08T08:48:11 IST" duration-ms="4513" status="PASS">
          <params>
            <param index="0">
              <value>
                <![CDATA["Invalid login attempts"]]>
              </value>
            </param>
            <param index="1">
              <value>
                <![CDATA["SauceDemo Login"]]>
              </value>
            </param>
          </params>
          <reporter-output>
          </reporter-output>
        </test-method> <!-- runScenario -->
        <test-method signature="runScenario(io.cucumber.testng.PickleWrapper,io.cucumber.testng.FeatureWrapper)[pri:0, instance:runners.TestRunner@26794848]" started-at="2025-09-08T08:48:11 IST" name="runScenario" description="Runs Cucumber Scenarios" data-provider="scenarios" finished-at="2025-09-08T08:48:22 IST" duration-ms="10179" status="PASS">
          <params>
            <param index="0">
              <value>
                <![CDATA["Login with problem_user"]]>
              </value>
            </param>
            <param index="1">
              <value>
                <![CDATA["SauceDemo Login"]]>
              </value>
            </param>
          </params>
          <reporter-output>
          </reporter-output>
        </test-method> <!-- runScenario -->
        <test-method signature="runScenario(io.cucumber.testng.PickleWrapper,io.cucumber.testng.FeatureWrapper)[pri:0, instance:runners.TestRunner@26794848]" started-at="2025-09-08T08:48:22 IST" name="runScenario" description="Runs Cucumber Scenarios" data-provider="scenarios" finished-at="2025-09-08T08:48:31 IST" duration-ms="9925" status="PASS">
          <params>
            <param index="0">
              <value>
                <![CDATA["Login with performance_glitch_user"]]>
              </value>
            </param>
            <param index="1">
              <value>
                <![CDATA["SauceDemo Login"]]>
              </value>
            </param>
          </params>
          <reporter-output>
          </reporter-output>
        </test-method> <!-- runScenario -->
        <test-method signature="runScenario(io.cucumber.testng.PickleWrapper,io.cucumber.testng.FeatureWrapper)[pri:0, instance:runners.TestRunner@26794848]" started-at="2025-09-08T08:48:31 IST" name="runScenario" description="Runs Cucumber Scenarios" data-provider="scenarios" finished-at="2025-09-08T08:48:36 IST" duration-ms="4934" status="PASS">
          <params>
            <param index="0">
              <value>
                <![CDATA["Verify error icon and close button"]]>
              </value>
            </param>
            <param index="1">
              <value>
                <![CDATA["SauceDemo Login"]]>
              </value>
            </param>
          </params>
          <reporter-output>
          </reporter-output>
        </test-method> <!-- runScenario -->
        <test-method signature="runScenario(io.cucumber.testng.PickleWrapper,io.cucumber.testng.FeatureWrapper)[pri:0, instance:runners.TestRunner@26794848]" started-at="2025-09-08T08:48:36 IST" name="runScenario" description="Runs Cucumber Scenarios" data-provider="scenarios" finished-at="2025-09-08T08:48:41 IST" duration-ms="4751" status="PASS">
          <params>
            <param index="0">
              <value>
                <![CDATA["Verify session persists until logout"]]>
              </value>
            </param>
            <param index="1">
              <value>
                <![CDATA["SauceDemo Login"]]>
              </value>
            </param>
          </params>
          <reporter-output>
          </reporter-output>
        </test-method> <!-- runScenario -->
        <test-method signature="runScenario(io.cucumber.testng.PickleWrapper,io.cucumber.testng.FeatureWrapper)[pri:0, instance:runners.TestRunner@26794848]" started-at="2025-09-08T08:48:41 IST" name="runScenario" description="Runs Cucumber Scenarios" data-provider="scenarios" finished-at="2025-09-08T08:48:46 IST" duration-ms="5202" status="PASS">
          <params>
            <param index="0">
              <value>
                <![CDATA["Verify inventory cannot be accessed without login"]]>
              </value>
            </param>
            <param index="1">
              <value>
                <![CDATA["SauceDemo Login"]]>
              </value>
            </param>
          </params>
          <reporter-output>
          </reporter-output>
        </test-method> <!-- runScenario -->
        <test-method signature="runScenario(io.cucumber.testng.PickleWrapper,io.cucumber.testng.FeatureWrapper)[pri:0, instance:runners.TestRunner@26794848]" started-at="2025-09-08T08:48:46 IST" name="runScenario" description="Runs Cucumber Scenarios" data-provider="scenarios" finished-at="2025-09-08T08:48:52 IST" duration-ms="5704" status="PASS">
          <params>
            <param index="0">
              <value>
                <![CDATA["User logs out successfully"]]>
              </value>
            </param>
            <param index="1">
              <value>
                <![CDATA["Logout and Navigation Tests"]]>
              </value>
            </param>
          </params>
          <reporter-output>
          </reporter-output>
        </test-method> <!-- runScenario -->
        <test-method signature="runScenario(io.cucumber.testng.PickleWrapper,io.cucumber.testng.FeatureWrapper)[pri:0, instance:runners.TestRunner@26794848]" started-at="2025-09-08T08:48:52 IST" name="runScenario" description="Runs Cucumber Scenarios" data-provider="scenarios" finished-at="2025-09-08T08:48:56 IST" duration-ms="3543" status="FAIL">
          <params>
            <param index="0">
              <value>
                <![CDATA["User navigates back to inventory from cart"]]>
              </value>
            </param>
            <param index="1">
              <value>
                <![CDATA["Logout and Navigation Tests"]]>
              </value>
            </param>
          </params>
          <exception class="java.lang.NullPointerException">
            <message>
              <![CDATA[Cannot invoke "pages.LogoutPage.clickContinueShopping()" because "this.logoutPage" is null]]>
            </message>
            <full-stacktrace>
              <![CDATA[java.lang.NullPointerException: Cannot invoke "pages.LogoutPage.clickContinueShopping()" because "this.logoutPage" is null
at stepdefinitions.LogoutSteps.user_clicks_on_continue_shopping(LogoutSteps.java:39)
at ✽.User clicks on continue shopping(file:///C:/Users/bharg/eclipse-workspace/Java_Selenium/CapstoneProject/SauceDemo/src/test/resources/feature/Logout.feature:13)
]]>
            </full-stacktrace>
          </exception> <!-- java.lang.NullPointerException -->
          <reporter-output>
          </reporter-output>
        </test-method> <!-- runScenario -->
        <test-method is-config="true" signature="tearDownClass()[pri:0, instance:runners.TestRunner@26794848]" started-at="2025-09-08T08:48:56 IST" name="tearDownClass" finished-at="2025-09-08T08:48:56 IST" duration-ms="15" status="PASS">
          <reporter-output>
          </reporter-output>
        </test-method> <!-- tearDownClass -->
      </class> <!-- runners.TestRunner -->
    </test> <!-- Default test -->
  </suite> <!-- Default suite -->
</testng-results>
